19.04.2024 11:22:38.146 [main] INFO  c.e.h.HibernateCasacdeApplication - Starting HibernateCasacdeApplication using Java 21.0.1 with PID 13756 (E:\HibernateCasacade\target\classes started by mikha in E:\HibernateCasacade)
19.04.2024 11:22:38.162 [main] INFO  c.e.h.HibernateCasacdeApplication - No active profile set, falling back to 1 default profile: "default"
19.04.2024 11:22:39.727 [main] INFO  o.s.d.r.c.RepositoryConfigurationDelegate - Bootstrapping Spring Data JPA repositories in DEFAULT mode.
19.04.2024 11:22:39.824 [main] INFO  o.s.d.r.c.RepositoryConfigurationDelegate - Finished Spring Data repository scanning in 82 ms. Found 1 JPA repository interface.
19.04.2024 11:22:40.659 [main] INFO  o.s.b.w.e.t.TomcatWebServer - Tomcat initialized with port 8080 (http)
19.04.2024 11:22:40.678 [main] INFO  o.a.c.c.StandardService - Starting service [Tomcat]
19.04.2024 11:22:40.678 [main] INFO  o.a.c.c.StandardEngine - Starting Servlet engine: [Apache Tomcat/10.1.18]
19.04.2024 11:22:40.785 [main] INFO  o.a.c.c.C.[.[.[/] - Initializing Spring embedded WebApplicationContext
19.04.2024 11:22:40.787 [main] INFO  o.s.b.w.s.c.ServletWebServerApplicationContext - Root WebApplicationContext: initialization completed in 2479 ms
19.04.2024 11:22:40.830 [main] INFO  c.z.h.HikariDataSource - HikariPool-1 - Starting...
19.04.2024 11:22:41.203 [main] INFO  c.z.h.p.HikariPool - HikariPool-1 - Added connection conn0: url=jdbc:h2:mem:test user=SA
19.04.2024 11:22:41.207 [main] INFO  c.z.h.HikariDataSource - HikariPool-1 - Start completed.
19.04.2024 11:22:41.223 [main] INFO  o.s.b.a.h.H2ConsoleAutoConfiguration - H2 console available at '/h2-console'. Database available at 'jdbc:h2:mem:test'
19.04.2024 11:22:41.470 [main] INFO  o.h.j.i.u.LogHelper - HHH000204: Processing PersistenceUnitInfo [name: default]
19.04.2024 11:22:41.593 [main] INFO  o.hibernate.Version - HHH000412: Hibernate ORM core version 6.4.1.Final
19.04.2024 11:22:41.656 [main] INFO  o.h.c.i.RegionFactoryInitiator - HHH000026: Second-level cache disabled
19.04.2024 11:22:42.113 [main] INFO  o.s.o.j.p.SpringPersistenceUnitInfo - No LoadTimeWeaver setup: ignoring JPA class transformer
19.04.2024 11:22:42.197 [main] WARN  o.h.orm.deprecation - HHH90000025: H2Dialect does not need to be specified explicitly using 'hibernate.dialect' (remove the property setting and it will be selected by default)
19.04.2024 11:22:43.701 [main] INFO  o.h.e.t.j.p.i.JtaPlatformInitiator - HHH000489: No JTA platform available (set 'hibernate.transaction.jta.platform' to enable JTA platform integration)
19.04.2024 11:22:43.800 [main] INFO  o.s.o.j.LocalContainerEntityManagerFactoryBean - Initialized JPA EntityManagerFactory for persistence unit 'default'
19.04.2024 11:22:44.691 [main] WARN  o.s.b.a.o.j.JpaBaseConfiguration$JpaWebConfiguration - spring.jpa.open-in-view is enabled by default. Therefore, database queries may be performed during view rendering. Explicitly configure spring.jpa.open-in-view to disable this warning
19.04.2024 11:22:45.590 [main] INFO  o.s.b.w.e.t.TomcatWebServer - Tomcat started on port 8080 (http) with context path ''
19.04.2024 11:22:45.605 [main] INFO  c.e.h.HibernateCasacdeApplication - Started HibernateCasacdeApplication in 8.401 seconds (process running for 13.923)
19.04.2024 11:22:51.639 [SpringApplicationShutdownHook] INFO  o.s.o.j.LocalContainerEntityManagerFactoryBean - Closing JPA EntityManagerFactory for persistence unit 'default'
19.04.2024 11:22:51.648 [SpringApplicationShutdownHook] INFO  c.z.h.HikariDataSource - HikariPool-1 - Shutdown initiated...
19.04.2024 11:22:51.651 [SpringApplicationShutdownHook] INFO  c.z.h.HikariDataSource - HikariPool-1 - Shutdown completed.
19.04.2024 12:10:12.002 [main] INFO  c.e.h.HibernateCasacdeApplication - Starting HibernateCasacdeApplication using Java 21.0.1 with PID 3832 (E:\HibernateCasacade\target\classes started by mikha in E:\HibernateCasacade)
19.04.2024 12:10:12.014 [main] INFO  c.e.h.HibernateCasacdeApplication - No active profile set, falling back to 1 default profile: "default"
19.04.2024 12:10:13.517 [main] INFO  o.s.d.r.c.RepositoryConfigurationDelegate - Bootstrapping Spring Data JPA repositories in DEFAULT mode.
19.04.2024 12:10:13.604 [main] INFO  o.s.d.r.c.RepositoryConfigurationDelegate - Finished Spring Data repository scanning in 70 ms. Found 1 JPA repository interface.
19.04.2024 12:10:14.501 [main] INFO  o.s.b.w.e.t.TomcatWebServer - Tomcat initialized with port 8080 (http)
19.04.2024 12:10:14.538 [main] INFO  o.a.c.c.StandardService - Starting service [Tomcat]
19.04.2024 12:10:14.538 [main] INFO  o.a.c.c.StandardEngine - Starting Servlet engine: [Apache Tomcat/10.1.18]
19.04.2024 12:10:14.698 [main] INFO  o.a.c.c.C.[.[.[/] - Initializing Spring embedded WebApplicationContext
19.04.2024 12:10:14.699 [main] INFO  o.s.b.w.s.c.ServletWebServerApplicationContext - Root WebApplicationContext: initialization completed in 2584 ms
19.04.2024 12:10:14.771 [main] INFO  c.z.h.HikariDataSource - HikariPool-1 - Starting...
19.04.2024 12:10:15.355 [main] INFO  c.z.h.p.HikariPool - HikariPool-1 - Added connection conn0: url=jdbc:h2:mem:test user=SA
19.04.2024 12:10:15.360 [main] INFO  c.z.h.HikariDataSource - HikariPool-1 - Start completed.
19.04.2024 12:10:15.383 [main] INFO  o.s.b.a.h.H2ConsoleAutoConfiguration - H2 console available at '/h2-console'. Database available at 'jdbc:h2:mem:test'
19.04.2024 12:10:15.717 [main] INFO  o.h.j.i.u.LogHelper - HHH000204: Processing PersistenceUnitInfo [name: default]
19.04.2024 12:10:15.840 [main] INFO  o.hibernate.Version - HHH000412: Hibernate ORM core version 6.4.1.Final
19.04.2024 12:10:15.896 [main] INFO  o.h.c.i.RegionFactoryInitiator - HHH000026: Second-level cache disabled
19.04.2024 12:10:16.396 [main] INFO  o.s.o.j.p.SpringPersistenceUnitInfo - No LoadTimeWeaver setup: ignoring JPA class transformer
19.04.2024 12:10:16.475 [main] WARN  o.h.orm.deprecation - HHH90000025: H2Dialect does not need to be specified explicitly using 'hibernate.dialect' (remove the property setting and it will be selected by default)
19.04.2024 12:10:18.013 [main] INFO  o.h.e.t.j.p.i.JtaPlatformInitiator - HHH000489: No JTA platform available (set 'hibernate.transaction.jta.platform' to enable JTA platform integration)
19.04.2024 12:10:18.099 [main] INFO  o.s.o.j.LocalContainerEntityManagerFactoryBean - Initialized JPA EntityManagerFactory for persistence unit 'default'
19.04.2024 12:10:18.884 [main] WARN  o.s.b.a.o.j.JpaBaseConfiguration$JpaWebConfiguration - spring.jpa.open-in-view is enabled by default. Therefore, database queries may be performed during view rendering. Explicitly configure spring.jpa.open-in-view to disable this warning
19.04.2024 12:10:19.586 [main] INFO  o.s.b.w.e.t.TomcatWebServer - Tomcat started on port 8080 (http) with context path ''
19.04.2024 12:10:19.600 [main] INFO  c.e.h.HibernateCasacdeApplication - Started HibernateCasacdeApplication in 8.934 seconds (process running for 10.516)
19.04.2024 12:10:29.401 [SpringApplicationShutdownHook] INFO  o.s.o.j.LocalContainerEntityManagerFactoryBean - Closing JPA EntityManagerFactory for persistence unit 'default'
19.04.2024 12:10:29.406 [SpringApplicationShutdownHook] INFO  c.z.h.HikariDataSource - HikariPool-1 - Shutdown initiated...
19.04.2024 12:10:29.410 [SpringApplicationShutdownHook] INFO  c.z.h.HikariDataSource - HikariPool-1 - Shutdown completed.
